# JRE version: Java(TM) SE Runtime Environment (8.0_231-b11) (build 1.8.0_231-b11)
# Java VM: Java HotSpot(TM) 64-Bit Server VM (25.231-b11 mixed mode windows-amd64 compressed oops)
Heap:
 PSYoungGen      total 98816K, used 30391K [0x00000000d5b00000, 0x00000000dd500000, 0x0000000100000000)
  eden space 87552K, 34% used [0x00000000d5b00000,0x00000000d78adc60,0x00000000db080000)
  from space 11264K, 0% used [0x00000000dbb00000,0x00000000dbb00000,0x00000000dc600000)
  to   space 10752K, 0% used [0x00000000db080000,0x00000000db080000,0x00000000dbb00000)
 ParOldGen       total 84992K, used 10775K [0x0000000081000000, 0x0000000086300000, 0x00000000d5b00000)
  object space 84992K, 12% used [0x0000000081000000,0x0000000081a85ec0,0x0000000086300000)
 Metaspace       used 36710K, capacity 38772K, committed 39000K, reserved 1083392K
  class space    used 5181K, capacity 5487K, committed 5504K, reserved 1048576K
GC Heap History (10 events):
Event: 1.896 GC heap before
{Heap before GC invocations=4 (full 1):
 PSYoungGen      total 38400K, used 5116K [0x00000000d5b00000, 0x00000000da600000, 0x0000000100000000)
  eden space 33280K, 0% used [0x00000000d5b00000,0x00000000d5b00000,0x00000000d7b80000)
  from space 5120K, 99% used [0x00000000d7b80000,0x00000000d807f0e0,0x00000000d8080000)
  to   space 5120K, 0% used [0x00000000da100000,0x00000000da100000,0x00000000da600000)
 ParOldGen       total 87552K, used 6774K [0x0000000081000000, 0x0000000086580000, 0x00000000d5b00000)
  object space 87552K, 7% used [0x0000000081000000,0x000000008169dad8,0x0000000086580000)
 Metaspace       used 20096K, capacity 21100K, committed 21248K, reserved 1067008K
  class space    used 2755K, capacity 2950K, committed 3072K, reserved 1048576K
Event: 1.914 GC heap after
Heap after GC invocations=4 (full 1):
 PSYoungGen      total 38400K, used 0K [0x00000000d5b00000, 0x00000000da600000, 0x0000000100000000)
  eden space 33280K, 0% used [0x00000000d5b00000,0x00000000d5b00000,0x00000000d7b80000)
  from space 5120K, 0% used [0x00000000d7b80000,0x00000000d7b80000,0x00000000d8080000)
  to   space 5120K, 0% used [0x00000000da100000,0x00000000da100000,0x00000000da600000)
 ParOldGen       total 58368K, used 8095K [0x0000000081000000, 0x0000000084900000, 0x00000000d5b00000)
  object space 58368K, 13% used [0x0000000081000000,0x00000000817e7d20,0x0000000084900000)
 Metaspace       used 20096K, capacity 21100K, committed 21248K, reserved 1067008K
  class space    used 2755K, capacity 2950K, committed 3072K, reserved 1048576K
}
Event: 2.243 GC heap before
{Heap before GC invocations=5 (full 1):
 PSYoungGen      total 38400K, used 33280K [0x00000000d5b00000, 0x00000000da600000, 0x0000000100000000)
  eden space 33280K, 100% used [0x00000000d5b00000,0x00000000d7b80000,0x00000000d7b80000)
  from space 5120K, 0% used [0x00000000d7b80000,0x00000000d7b80000,0x00000000d8080000)
  to   space 5120K, 0% used [0x00000000da100000,0x00000000da100000,0x00000000da600000)
 ParOldGen       total 58368K, used 8095K [0x0000000081000000, 0x0000000084900000, 0x00000000d5b00000)
  object space 58368K, 13% used [0x0000000081000000,0x00000000817e7d20,0x0000000084900000)
 Metaspace       used 24194K, capacity 25632K, committed 25728K, reserved 1071104K
  class space    used 3432K, capacity 3635K, committed 3712K, reserved 1048576K
Event: 2.246 GC heap after
Heap after GC invocations=5 (full 1):
 PSYoungGen      total 58368K, used 3815K [0x00000000d5b00000, 0x00000000da500000, 0x0000000100000000)
  eden space 54272K, 0% used [0x00000000d5b00000,0x00000000d5b00000,0x00000000d9000000)
  from space 4096K, 93% used [0x00000000da100000,0x00000000da4b9ed0,0x00000000da500000)
  to   space 5120K, 0% used [0x00000000d9b00000,0x00000000d9b00000,0x00000000da000000)
 ParOldGen       total 58368K, used 8103K [0x0000000081000000, 0x0000000084900000, 0x00000000d5b00000)
  object space 58368K, 13% used [0x0000000081000000,0x00000000817e9d20,0x0000000084900000)
 Metaspace       used 24194K, capacity 25632K, committed 25728K, reserved 1071104K
  class space    used 3432K, capacity 3635K, committed 3712K, reserved 1048576K
}
Event: 3.121 GC heap before
{Heap before GC invocations=6 (full 1):
 PSYoungGen      total 58368K, used 58087K [0x00000000d5b00000, 0x00000000da500000, 0x0000000100000000)
  eden space 54272K, 100% used [0x00000000d5b00000,0x00000000d9000000,0x00000000d9000000)
  from space 4096K, 93% used [0x00000000da100000,0x00000000da4b9ed0,0x00000000da500000)
  to   space 5120K, 0% used [0x00000000d9b00000,0x00000000d9b00000,0x00000000da000000)
 ParOldGen       total 58368K, used 8103K [0x0000000081000000, 0x0000000084900000, 0x00000000d5b00000)
  object space 58368K, 13% used [0x0000000081000000,0x00000000817e9d20,0x0000000084900000)
 Metaspace       used 31419K, capacity 32972K, committed 33280K, reserved 1077248K
  class space    used 4359K, capacity 4599K, committed 4608K, reserved 1048576K
Event: 3.130 GC heap after
Heap after GC invocations=6 (full 1):
 PSYoungGen      total 70656K, used 5093K [0x00000000d5b00000, 0x00000000dc600000, 0x0000000100000000)
  eden space 65536K, 0% used [0x00000000d5b00000,0x00000000d5b00000,0x00000000d9b00000)
  from space 5120K, 99% used [0x00000000d9b00000,0x00000000d9ff97d0,0x00000000da000000)
  to   space 11264K, 0% used [0x00000000dbb00000,0x00000000dbb00000,0x00000000dc600000)
 ParOldGen       total 58368K, used 11802K [0x0000000081000000, 0x0000000084900000, 0x00000000d5b00000)
  object space 58368K, 20% used [0x0000000081000000,0x0000000081b869c0,0x0000000084900000)
 Metaspace       used 31419K, capacity 32972K, committed 33280K, reserved 1077248K
  class space    used 4359K, capacity 4599K, committed 4608K, reserved 1048576K
}
Event: 3.578 GC heap before
{Heap before GC invocations=7 (full 1):
 PSYoungGen      total 70656K, used 25258K [0x00000000d5b00000, 0x00000000dc600000, 0x0000000100000000)
  eden space 65536K, 30% used [0x00000000d5b00000,0x00000000d6eb12b0,0x00000000d9b00000)
  from space 5120K, 99% used [0x00000000d9b00000,0x00000000d9ff97d0,0x00000000da000000)
  to   space 11264K, 0% used [0x00000000dbb00000,0x00000000dbb00000,0x00000000dc600000)
 ParOldGen       total 58368K, used 11802K [0x0000000081000000, 0x0000000084900000, 0x00000000d5b00000)
  object space 58368K, 20% used [0x0000000081000000,0x0000000081b869c0,0x0000000084900000)
 Metaspace       used 33776K, capacity 35314K, committed 35416K, reserved 1079296K
  class space    used 4749K, capacity 4992K, committed 4992K, reserved 1048576K
Event: 3.582 GC heap after
Heap after GC invocations=7 (full 1):
 PSYoungGen      total 98816K, used 5756K [0x00000000d5b00000, 0x00000000dd500000, 0x0000000100000000)
  eden space 87552K, 0% used [0x00000000d5b00000,0x00000000d5b00000,0x00000000db080000)
  from space 11264K, 51% used [0x00000000dbb00000,0x00000000dc09f088,0x00000000dc600000)
  to   space 10752K, 0% used [0x00000000db080000,0x00000000db080000,0x00000000dbb00000)
 ParOldGen       total 58368K, used 11810K [0x0000000081000000, 0x0000000084900000, 0x00000000d5b00000)
  object space 58368K, 20% used [0x0000000081000000,0x0000000081b889c0,0x0000000084900000)
 Metaspace       used 33776K, capacity 35314K, committed 35416K, reserved 1079296K
  class space    used 4749K, capacity 4992K, committed 4992K, reserved 1048576K
}
Event: 3.582 GC heap before
{Heap before GC invocations=8 (full 2):
 PSYoungGen      total 98816K, used 5756K [0x00000000d5b00000, 0x00000000dd500000, 0x0000000100000000)
  eden space 87552K, 0% used [0x00000000d5b00000,0x00000000d5b00000,0x00000000db080000)
  from space 11264K, 51% used [0x00000000dbb00000,0x00000000dc09f088,0x00000000dc600000)
  to   space 10752K, 0% used [0x00000000db080000,0x00000000db080000,0x00000000dbb00000)
 ParOldGen       total 58368K, used 11810K [0x0000000081000000, 0x0000000084900000, 0x00000000d5b00000)
  object space 58368K, 20% used [0x0000000081000000,0x0000000081b889c0,0x0000000084900000)
 Metaspace       used 33776K, capacity 35314K, committed 35416K, reserved 1079296K
  class space    used 4749K, capacity 4992K, committed 4992K, reserved 1048576K
Event: 3.609 GC heap after
Heap after GC invocations=8 (full 2):
 PSYoungGen      total 98816K, used 0K [0x00000000d5b00000, 0x00000000dd500000, 0x0000000100000000)
  eden space 87552K, 0% used [0x00000000d5b00000,0x00000000d5b00000,0x00000000db080000)
  from space 11264K, 0% used [0x00000000dbb00000,0x00000000dbb00000,0x00000000dc600000)
  to   space 10752K, 0% used [0x00000000db080000,0x00000000db080000,0x00000000dbb00000)
 ParOldGen       total 84992K, used 10775K [0x0000000081000000, 0x0000000086300000, 0x00000000d5b00000)
  object space 84992K, 12% used [0x0000000081000000,0x0000000081a85ec0,0x0000000086300000)
 Metaspace       used 33771K, capacity 35302K, committed 35416K, reserved 1079296K
  class space    used 4747K, capacity 4990K, committed 4992K, reserved 1048576K
}

